Arguments: 
  C:\nodejs\node.exe C:\Program Files (x86)\Yarn\bin\yarn.js init

PATH: 
  C:\Program Files (x86)\VMware\VMware Workstation\bin\;C:\Program Files (x86)\ActiveState Perl Dev Kit 9.2.1\bin\;C:\Program Files\ActiveState Perl Dev Kit 9.2.1\bin\;C:\Program Files (x86)\Common Files\Oracle\Java\javapath;C:\Program Files (x86)\ActiveState Komodo IDE 8\;C:\Program Files\ActiveState Perl Dev Kit 9.4\bin\;C:\Program Files (x86)\ActiveState Perl Dev Kit 9.4\bin\;C:\Program Files (x86)\ActiveState Perl Dev Kit 9.1\bin\;C:\orcale\instantclient_11_2;C:\Windows\system32;C:\Windows;C:\Windows\System32\Wbem;C:\Windows\System32\WindowsPowerShell\v1.0\;C:\Windows\System32\OpenSSH\;C:\Program Files (x86)\NVIDIA Corporation\PhysX\Common;C:\Program Files\Bandizip\;C:\Program Files\Git\cmd;C:\Program Files\nodejs\;C:\Program Files (x86)\Yarn\bin\;C:\Program Files\dotnet\;C:\ProgramData\chocolatey\bin;C:\openssl\bin;C:\Program Files\go1.19\go\bin;C:\TDM-GCC-64\bin;D:\minikube;D:\protoc-23.3-win64\bin;C:\Program Files\PuTTY\;C:\Users\User\AppData\Local\ActiveState\PDK\PerlApp\target-perl\1405\linux-x86-64\bin;C:\Users\User\AppData\Local\ActiveState\PDK\PerlApp\target-perl\2003\linux-x86-64;C:\Users\User\AppData\Local\ActiveState\PDK\PerlApp\target-perl\1405\linux-x86-64;C:\Program Files\Redis;C:\Program Files\Redis\;C:\Users\User\AppData\Roaming\Python\Scripts;C:\Program Files\Docker\Docker\resources\bin;C:\Python311;C:\Python39;C:\Users\User\.pyenv\pyenv-win\bin;C:\Users\User\.pyenv\pyenv-win\shims;C:\Python311;C:\Python310;C:\Python310\Scripts;C:\Python39;C:\Python39\Scripts;C:\Users\User\AppData\Local\Microsoft\WindowsApps;C:\Users\User\AppData\Roaming\npm;C:\Users\User\AppData\Local\Yarn\bin;C:\Program Files (x86)\Yarn\bin;C:\nodejs;C:\Users\User\.dotnet\tools;C:\Users\User\AppData\Local\Programs\Microsoft VS Code\bin;C:\Program Files\ActiveState Perl Dev Kit 9.4\bin;C:\Program Files\ActiveState Perl Dev Kit 9.4\bin\lib;C:\Program Files\ActiveState Perl Dev Kit 9.2.1\bin;C:\Program Files\ActiveState Perl Dev Kit 9.2.1\bin\lib;C:\Program Files (x86)\ActiveState Perl Dev Kit 9.1\bin;C:\Program Files (x86)\ActiveState Perl Dev Kit 9.1\bin\lib;C:\Program Files (x86)\ActiveState Perl Dev Kit 9.2.1\bin;C:\Program Files (x86)\ActiveState Perl Dev Kit 9.2.1\bin\lib;C:\Users\User\go\bin;C:\Program Files\JetBrains\GoLand 2021.3.4\bin;C:\JetBrains\PyCharm2022.1.1\bin;C:\Program Files\MongoDB\Server\6.0\bin;C:\JetBrains\PyCharm 2022.1.1\bin;;

Yarn version: 
  1.22.15

Node version: 
  16.13.0

Platform: 
  win32 x64

Trace: 
  Error: canceled
      at Interface.<anonymous> (C:\Program Files (x86)\Yarn\lib\cli.js:137145:13)
      at Interface.emit (node:events:390:28)
      at Interface._ttyWrite (node:readline:1081:16)
      at ReadStream.onkeypress (node:readline:288:10)
      at ReadStream.emit (node:events:390:28)
      at emitKeys (node:internal/readline/utils:358:14)
      at emitKeys.next (<anonymous>)
      at ReadStream.onData (node:internal/readline/emitKeypressEvents:61:36)
      at ReadStream.emit (node:events:390:28)
      at addChunk (node:internal/streams/readable:315:12)

npm manifest: 
  No manifest

yarn manifest: 
  No manifest

Lockfile: 
  No lockfile
